2026-03-04 21:44:27,586 [INFO] Activator:176 - 


2026-03-04 21:44:27,590 [INFO] Activator:177 - !SESSION log4j initialized
2026-03-04 21:44:31,639 [INFO] LogOutputStream:77 - [STDOUT_REDIRECT] 
2026-03-04 21:44:34,321 [INFO] ApplicationProperties:184 - Using Application install path: C:\ST\STM32CubeIDE_1.18.1\STM32CubeIDE\plugins\com.st.stm32cube.common.mx_6.14.1.202504091515
2026-03-04 21:44:34,346 [INFO] DbMcusXml:78 - Set database path to: C:\ST\STM32CubeIDE_1.18.1\STM32CubeIDE\plugins\com.st.stm32cube.common.mx_6.14.1.202504091515\\db\/mcu/
2026-03-04 21:44:34,347 [INFO] ApiDb:274 - Set plugin database path to: C:\ST\STM32CubeIDE_1.18.1\STM32CubeIDE\plugins\com.st.stm32cube.common.mx_6.14.1.202504091515\\db\/plugins/boardmanager/
2026-03-04 21:44:34,402 [WARN] ApiDb:259 - Overriding images path with different value:  => C:\ST\STM32CubeIDE_1.18.1\STM32CubeIDE\plugins\com.st.stm32cube.common.mx_6.14.1.202504091515\\db\/plugins/mcufinder/images/
2026-03-04 21:44:34,410 [INFO] ApiDb:250 - Set database path to: C:\Users\Aditya\.stmcufinder\plugins\mcufinder//mcu/
2026-03-04 21:44:34,412 [INFO] DbMcusAds:125 - Set database path to: C:\Users\Aditya\.stmcufinder\plugins\mcufinder//mcu/
2026-03-04 21:44:34,416 [INFO] CrossReferenceDbSqlite:203 - Set database path to: C:\Users\Aditya\.stmcufinder\plugins\mcufinder//mcu/cs/
2026-03-04 21:44:34,606 [INFO] RulesReader:64 - Compatibility file has been processed (302 Rules)
2026-03-04 21:44:34,747 [INFO] DbMcusXml:78 - Set database path to: C:\ST\STM32CubeIDE_1.18.1\STM32CubeIDE\plugins\com.st.stm32cube.common.mx_6.14.1.202504091515\\db\/mcu/
2026-03-04 21:44:34,748 [INFO] ApiDb:274 - Set plugin database path to: C:\ST\STM32CubeIDE_1.18.1\STM32CubeIDE\plugins\com.st.stm32cube.common.mx_6.14.1.202504091515\\db\/plugins/boardmanager/
2026-03-04 21:44:34,748 [INFO] ApiDb:261 - Set plugin images path to: C:\ST\STM32CubeIDE_1.18.1\STM32CubeIDE\plugins\com.st.stm32cube.common.mx_6.14.1.202504091515\\db\/plugins/mcufinder/images/
2026-03-04 21:44:34,749 [WARN] DbFile:41 - Overriding database path with different value: C:\Users\Aditya\.stmcufinder\plugins\mcufinder/ => C:\Users\Aditya\.stmcufinder\plugins\mcufinder
2026-03-04 21:44:34,749 [INFO] ApiDb:250 - Set database path to: C:\Users\Aditya\.stmcufinder\plugins\mcufinder//mcu/
2026-03-04 21:44:34,749 [WARN] DbFile:41 - Overriding database path with different value: C:\Users\Aditya\.stmcufinder\plugins\mcufinder/ => C:\Users\Aditya\.stmcufinder\plugins\mcufinder
2026-03-04 21:44:34,749 [INFO] DbMcusAds:125 - Set database path to: C:\Users\Aditya\.stmcufinder\plugins\mcufinder//mcu/
2026-03-04 21:44:34,749 [WARN] DbFile:41 - Overriding database path with different value: C:\Users\Aditya\.stmcufinder\plugins\mcufinder/ => C:\Users\Aditya\.stmcufinder\plugins\mcufinder
2026-03-04 21:44:34,749 [WARN] DbFile:41 - Overriding database path with different value: C:\Users\Aditya\.stmcufinder\plugins\mcufinder/ => C:\Users\Aditya\.stmcufinder\plugins\mcufinder
2026-03-04 21:44:34,749 [INFO] CrossReferenceDbSqlite:203 - Set database path to: C:\Users\Aditya\.stmcufinder\plugins\mcufinder//mcu/cs/
2026-03-04 21:44:34,864 [INFO] MainPanel:272 - HeapMemory: 268435456
2026-03-04 21:44:34,999 [INFO] DbMcusXml:78 - Set database path to: C:\ST\STM32CubeIDE_1.18.1\STM32CubeIDE\plugins\com.st.stm32cube.common.mx_6.14.1.202504091515\\db\/mcu/
2026-03-04 21:44:34,999 [INFO] ApiDb:274 - Set plugin database path to: C:\ST\STM32CubeIDE_1.18.1\STM32CubeIDE\plugins\com.st.stm32cube.common.mx_6.14.1.202504091515\\db\/plugins/boardmanager/
2026-03-04 21:44:35,000 [INFO] ApiDb:261 - Set plugin images path to: C:\ST\STM32CubeIDE_1.18.1\STM32CubeIDE\plugins\com.st.stm32cube.common.mx_6.14.1.202504091515\\db\/plugins/mcufinder/images/
2026-03-04 21:44:35,000 [WARN] DbFile:41 - Overriding database path with different value: C:\Users\Aditya\.stmcufinder\plugins\mcufinder/ => C:\Users\Aditya\.stmcufinder\plugins\mcufinder
2026-03-04 21:44:35,001 [INFO] ApiDb:250 - Set database path to: C:\Users\Aditya\.stmcufinder\plugins\mcufinder//mcu/
2026-03-04 21:44:35,001 [WARN] DbFile:41 - Overriding database path with different value: C:\Users\Aditya\.stmcufinder\plugins\mcufinder/ => C:\Users\Aditya\.stmcufinder\plugins\mcufinder
2026-03-04 21:44:35,001 [INFO] DbMcusAds:125 - Set database path to: C:\Users\Aditya\.stmcufinder\plugins\mcufinder//mcu/
2026-03-04 21:44:35,001 [WARN] DbFile:41 - Overriding database path with different value: C:\Users\Aditya\.stmcufinder\plugins\mcufinder/ => C:\Users\Aditya\.stmcufinder\plugins\mcufinder
2026-03-04 21:44:35,001 [WARN] DbFile:41 - Overriding database path with different value: C:\Users\Aditya\.stmcufinder\plugins\mcufinder/ => C:\Users\Aditya\.stmcufinder\plugins\mcufinder
2026-03-04 21:44:35,001 [INFO] CrossReferenceDbSqlite:203 - Set database path to: C:\Users\Aditya\.stmcufinder\plugins\mcufinder//mcu/cs/
2026-03-04 21:44:35,030 [INFO] ApplicationProperties:184 - Using Application install path: C:\ST\STM32CubeIDE_1.18.1\STM32CubeIDE\plugins\com.st.stm32cube.common.mx_6.14.1.202504091515
2026-03-04 21:44:35,031 [INFO] PluginManage:196 - Search for loadable plugins [exclusion list=, ]
2026-03-04 21:44:35,033 [INFO] PluginManage:310 - Check plugin analytics
2026-03-04 21:44:35,370 [INFO] AnalyticsPlugin:253 - Accepted Software Licenses: 
2026-03-04 21:44:35,370 [INFO] AnalyticsPlugin:255 - Accepted CMSIS Pack Licenses: 
2026-03-04 21:44:35,371 [INFO] AnalyticsPlugin:257 - Accepted Firmware Licenses: FW.F4.1.28.0
2026-03-04 21:44:35,378 [INFO] PluginManage:359 - Loaded plugin analytics (category:tool,tabindex:-1)
2026-03-04 21:44:35,379 [INFO] PluginManage:310 - Check plugin cadmodel
2026-03-04 21:44:35,384 [INFO] CADModel:105 - Init CAD model plugin
2026-03-04 21:44:35,385 [INFO] PluginManage:359 - Loaded plugin cadmodel (category:power,tabindex:5)
2026-03-04 21:44:35,385 [INFO] PluginManage:310 - Check plugin clock
2026-03-04 21:44:35,396 [INFO] PluginManage:359 - Loaded plugin clock (category:base,tabindex:2)
2026-03-04 21:44:35,397 [INFO] PluginManage:310 - Check plugin ddr
2026-03-04 21:44:35,399 [INFO] PluginManage:359 - Loaded plugin ddr (category:tool,tabindex:6)
2026-03-04 21:44:35,399 [INFO] PluginManage:310 - Check plugin filemanager
2026-03-04 21:44:35,716 [INFO] PluginManage:359 - Loaded plugin filemanager (category:base,tabindex:10)
2026-03-04 21:44:35,717 [INFO] PluginManage:310 - Check plugin ipmanager
2026-03-04 21:44:35,729 [INFO] PluginManage:359 - Loaded plugin ipmanager (category:base,tabindex:5)
2026-03-04 21:44:35,730 [INFO] PluginManage:310 - Check plugin lpbam
2026-03-04 21:44:35,745 [INFO] PluginManage:359 - Loaded plugin lpbam (category:base,tabindex:0)
2026-03-04 21:44:35,746 [INFO] PluginManage:310 - Check plugin memorymap
2026-03-04 21:44:35,789 [INFO] PluginManage:359 - Loaded plugin memorymap (category:base,tabindex:4)
2026-03-04 21:44:35,791 [INFO] PluginManage:310 - Check plugin pinoutandconfiguration
2026-03-04 21:44:35,809 [INFO] PluginManage:359 - Loaded plugin pinoutandconfiguration (category:base,tabindex:1)
2026-03-04 21:44:35,809 [INFO] PluginManage:310 - Check plugin pinoutconfig
2026-03-04 21:44:36,005 [WARN] SupportedApi:132 - Cannot load RTOS API schema: s4s-elt-must-match.1: The content of 'definitions' must match (annotation?, (simpleType | complexType)?, (unique | key | keyref)*)). A problem was found starting at: attribute.
2026-03-04 21:44:36,204 [INFO] PluginManage:359 - Loaded plugin pinoutconfig (category:base,tabindex:0)
2026-03-04 21:44:36,205 [INFO] PluginManage:310 - Check plugin power
2026-03-04 21:44:36,216 [INFO] PluginManage:359 - Loaded plugin power (category:power,tabindex:4)
2026-03-04 21:44:36,217 [INFO] PluginManage:310 - Check plugin projectmanager
2026-03-04 21:44:36,241 [INFO] PluginManage:359 - Loaded plugin projectmanager (category:projectmanager,tabindex:4)
2026-03-04 21:44:36,242 [INFO] PluginManage:310 - Check plugin rif
2026-03-04 21:44:36,249 [INFO] PluginManage:359 - Loaded plugin rif (category:base,tabindex:3)
2026-03-04 21:44:36,250 [INFO] PluginManage:310 - Check plugin thirdparty
2026-03-04 21:44:36,458 [INFO] PluginManage:359 - Loaded plugin thirdparty (category:base,tabindex:-1)
2026-03-04 21:44:36,457 [WARN] IntegrityCheckThread:84 - waiting for thirdparty lock release [integrity check]
2026-03-04 21:44:36,459 [INFO] IntegrityCheckThread:86 - entering critical section [integrity check]
2026-03-04 21:44:36,459 [INFO] PluginManage:310 - Check plugin tools
2026-03-04 21:44:36,459 [INFO] ThirdPartyUpdaterWithRetryManager:70 - Updater plugin not ready yet. [1/15]
2026-03-04 21:44:36,467 [INFO] PluginManage:359 - Loaded plugin tools (category:base,tabindex:7)
2026-03-04 21:44:36,467 [INFO] PluginManage:310 - Check plugin tutovideos
2026-03-04 21:44:36,730 [INFO] PluginManage:359 - Loaded plugin tutovideos (category:base,tabindex:-1)
2026-03-04 21:44:36,730 [INFO] PluginManage:310 - Check plugin updater
2026-03-04 21:44:36,765 [INFO] PluginManage:359 - Loaded plugin updater (category:base,tabindex:12)
2026-03-04 21:44:36,765 [INFO] PluginManage:310 - Check plugin userauth
2026-03-04 21:44:36,770 [INFO] UserAuth:118 - Init User Auth plugin
2026-03-04 21:44:36,773 [INFO] PluginManage:359 - Loaded plugin userauth (category:base,tabindex:14)
2026-03-04 21:44:36,774 [INFO] PluginManage:283 - PluginManage : Loaded plugins [18]
2026-03-04 21:44:37,061 [INFO] PinOutPanel:1589 - setPackage(No Configuration,No Configuration)
2026-03-04 21:44:37,184 [INFO] CADModel:165 - CPN selected for project level
2026-03-04 21:44:37,184 [INFO] CADModel:114 - Register for checkConnection events
2026-03-04 21:44:37,209 [INFO] IPUIPlugin:80 - create IPUIPlugin
2026-03-04 21:44:37,209 [INFO] PluginManager:220 - loadIPPluginJar : add adc
2026-03-04 21:44:37,212 [INFO] IPUIPlugin:80 - create IPUIPlugin
2026-03-04 21:44:37,213 [INFO] PluginManager:220 - loadIPPluginJar : add aes
2026-03-04 21:44:37,217 [INFO] IPUIPlugin:80 - create IPUIPlugin
2026-03-04 21:44:37,217 [INFO] PluginManager:220 - loadIPPluginJar : add can
2026-03-04 21:44:37,220 [INFO] IPUIPlugin:80 - create IPUIPlugin
2026-03-04 21:44:37,220 [INFO] PluginManager:220 - loadIPPluginJar : add comp
2026-03-04 21:44:37,223 [INFO] IPUIPlugin:80 - create IPUIPlugin
2026-03-04 21:44:37,223 [INFO] PluginManager:220 - loadIPPluginJar : add cryp
2026-03-04 21:44:37,227 [INFO] IPUIPlugin:80 - create IPUIPlugin
2026-03-04 21:44:37,227 [INFO] PluginManager:220 - loadIPPluginJar : add ddr_ctrl_phy
2026-03-04 21:44:37,230 [INFO] IPUIPlugin:80 - create IPUIPlugin
2026-03-04 21:44:37,230 [INFO] PluginManager:220 - loadIPPluginJar : add dfsdm
2026-03-04 21:44:37,238 [INFO] IPUIPlugin:80 - create IPUIPlugin
2026-03-04 21:44:37,239 [INFO] PluginManager:220 - loadIPPluginJar : add dma
2026-03-04 21:44:37,243 [INFO] IPUIPlugin:80 - create IPUIPlugin
2026-03-04 21:44:37,243 [INFO] PluginManager:220 - loadIPPluginJar : add dma3
2026-03-04 21:44:37,247 [INFO] IPUIPlugin:80 - create IPUIPlugin
2026-03-04 21:44:37,247 [INFO] PluginManager:220 - loadIPPluginJar : add extmemmanager
2026-03-04 21:44:37,250 [INFO] IPUIPlugin:80 - create IPUIPlugin
2026-03-04 21:44:37,250 [INFO] PluginManager:220 - loadIPPluginJar : add fatfs
2026-03-04 21:44:37,257 [INFO] IPUIPlugin:80 - create IPUIPlugin
2026-03-04 21:44:37,257 [INFO] PluginManager:220 - loadIPPluginJar : add fmc
2026-03-04 21:44:37,264 [INFO] IPUIPlugin:80 - create IPUIPlugin
2026-03-04 21:44:37,265 [INFO] PluginManager:220 - loadIPPluginJar : add freertos
2026-03-04 21:44:37,267 [INFO] IPUIPlugin:80 - create IPUIPlugin
2026-03-04 21:44:37,267 [INFO] PluginManager:220 - loadIPPluginJar : add genericplugin
2026-03-04 21:44:37,270 [INFO] IPUIPlugin:80 - create IPUIPlugin
2026-03-04 21:44:37,270 [INFO] PluginManager:220 - loadIPPluginJar : add gfxmmu
2026-03-04 21:44:37,276 [INFO] IPUIPlugin:80 - create IPUIPlugin
2026-03-04 21:44:37,276 [INFO] PluginManager:220 - loadIPPluginJar : add gic
2026-03-04 21:44:37,282 [INFO] IPUIPlugin:80 - create IPUIPlugin
2026-03-04 21:44:37,282 [INFO] PluginManager:220 - loadIPPluginJar : add gpio
2026-03-04 21:44:37,287 [INFO] IPUIPlugin:80 - create IPUIPlugin
2026-03-04 21:44:37,287 [INFO] PluginManager:220 - loadIPPluginJar : add gtzc
2026-03-04 21:44:37,291 [INFO] IPUIPlugin:80 - create IPUIPlugin
2026-03-04 21:44:37,292 [INFO] PluginManager:220 - loadIPPluginJar : add hash
2026-03-04 21:44:37,297 [INFO] IPUIPlugin:80 - create IPUIPlugin
2026-03-04 21:44:37,297 [INFO] PluginManager:220 - loadIPPluginJar : add i2c
2026-03-04 21:44:37,301 [INFO] IPUIPlugin:80 - create IPUIPlugin
2026-03-04 21:44:37,301 [INFO] PluginManager:220 - loadIPPluginJar : add i2s
2026-03-04 21:44:37,308 [INFO] IPUIPlugin:80 - create IPUIPlugin
2026-03-04 21:44:37,309 [INFO] PluginManager:220 - loadIPPluginJar : add i3c
2026-03-04 21:44:37,313 [INFO] IPUIPlugin:80 - create IPUIPlugin
2026-03-04 21:44:37,313 [INFO] PluginManager:220 - loadIPPluginJar : add ipddr
2026-03-04 21:44:37,322 [INFO] IPUIPlugin:80 - create IPUIPlugin
2026-03-04 21:44:37,322 [INFO] PluginManager:220 - loadIPPluginJar : add linkedlist
2026-03-04 21:44:37,327 [INFO] IPUIPlugin:80 - create IPUIPlugin
2026-03-04 21:44:37,328 [INFO] PluginManager:220 - loadIPPluginJar : add lorawan
2026-03-04 21:44:37,331 [INFO] IPUIPlugin:80 - create IPUIPlugin
2026-03-04 21:44:37,331 [INFO] PluginManager:220 - loadIPPluginJar : add ltdc
2026-03-04 21:44:37,339 [INFO] IPUIPlugin:80 - create IPUIPlugin
2026-03-04 21:44:37,339 [INFO] PluginManager:220 - loadIPPluginJar : add mdma
2026-03-04 21:44:37,344 [INFO] IPUIPlugin:80 - create IPUIPlugin
2026-03-04 21:44:37,344 [INFO] PluginManager:220 - loadIPPluginJar : add nvic
2026-03-04 21:44:37,349 [INFO] IPUIPlugin:80 - create IPUIPlugin
2026-03-04 21:44:37,349 [INFO] PluginManager:220 - loadIPPluginJar : add opamp
2026-03-04 21:44:37,352 [INFO] IPUIPlugin:80 - create IPUIPlugin
2026-03-04 21:44:37,353 [INFO] PluginManager:220 - loadIPPluginJar : add openamp
2026-03-04 21:44:37,356 [INFO] IPUIPlugin:80 - create IPUIPlugin
2026-03-04 21:44:37,357 [INFO] PluginManager:220 - loadIPPluginJar : add pdm2pcm
2026-03-04 21:44:37,366 [INFO] IPUIPlugin:80 - create IPUIPlugin
2026-03-04 21:44:37,370 [INFO] PluginManager:220 - loadIPPluginJar : add plateformsettings
2026-03-04 21:44:37,373 [INFO] IPUIPlugin:80 - create IPUIPlugin
2026-03-04 21:44:37,374 [INFO] PluginManager:220 - loadIPPluginJar : add quadspi
2026-03-04 21:44:37,376 [INFO] IPUIPlugin:80 - create IPUIPlugin
2026-03-04 21:44:37,378 [INFO] PluginManager:220 - loadIPPluginJar : add radio
2026-03-04 21:44:37,384 [INFO] IPUIPlugin:80 - create IPUIPlugin
2026-03-04 21:44:37,385 [INFO] PluginManager:220 - loadIPPluginJar : add resmgrutility
2026-03-04 21:44:37,390 [INFO] IPUIPlugin:80 - create IPUIPlugin
2026-03-04 21:44:37,390 [INFO] PluginManager:220 - loadIPPluginJar : add sai
2026-03-04 21:44:37,394 [INFO] IPUIPlugin:80 - create IPUIPlugin
2026-03-04 21:44:37,394 [INFO] PluginManager:220 - loadIPPluginJar : add spi
2026-03-04 21:44:37,403 [INFO] IPUIPlugin:80 - create IPUIPlugin
2026-03-04 21:44:37,404 [INFO] PluginManager:220 - loadIPPluginJar : add stm32_wpan
2026-03-04 21:44:37,407 [INFO] IPUIPlugin:80 - create IPUIPlugin
2026-03-04 21:44:37,407 [INFO] PluginManager:220 - loadIPPluginJar : add tim
2026-03-04 21:44:37,412 [INFO] IPUIPlugin:80 - create IPUIPlugin
2026-03-04 21:44:37,413 [INFO] PluginManager:220 - loadIPPluginJar : add touchsensing
2026-03-04 21:44:37,416 [INFO] IPUIPlugin:80 - create IPUIPlugin
2026-03-04 21:44:37,416 [INFO] PluginManager:220 - loadIPPluginJar : add tracer_emb
2026-03-04 21:44:37,419 [INFO] IPUIPlugin:80 - create IPUIPlugin
2026-03-04 21:44:37,419 [INFO] PluginManager:220 - loadIPPluginJar : add ts
2026-03-04 21:44:37,422 [INFO] IPUIPlugin:80 - create IPUIPlugin
2026-03-04 21:44:37,422 [INFO] PluginManager:220 - loadIPPluginJar : add tsc
2026-03-04 21:44:37,425 [INFO] IPUIPlugin:80 - create IPUIPlugin
2026-03-04 21:44:37,425 [INFO] PluginManager:220 - loadIPPluginJar : add ucpd
2026-03-04 21:44:37,430 [INFO] IPUIPlugin:80 - create IPUIPlugin
2026-03-04 21:44:37,430 [INFO] PluginManager:220 - loadIPPluginJar : add usart
2026-03-04 21:44:37,435 [INFO] IPUIPlugin:80 - create IPUIPlugin
2026-03-04 21:44:37,435 [INFO] PluginManager:220 - loadIPPluginJar : add usbx
2026-03-04 21:44:37,622 [FATAL] Updater:351 - Updater called before beeing initialized
2026-03-04 21:44:37,666 [INFO] RulesReader:64 - Compatibility file has been processed (302 Rules)
2026-03-04 21:44:37,681 [INFO] RulesReader:64 - Compatibility file has been processed (302 Rules)
2026-03-04 21:44:37,692 [INFO] CADModel:165 - CPN selected for project level
2026-03-04 21:44:37,692 [INFO] CADModel:114 - Register for checkConnection events
2026-03-04 21:44:37,692 [FATAL] Updater:351 - Updater called before beeing initialized
2026-03-04 21:44:37,692 [ERROR] CADModel:125 - Updater not yet initialized, retry later 
2026-03-04 21:44:37,925 [FATAL] Updater:351 - Updater called before beeing initialized
2026-03-04 21:44:37,928 [INFO] CADModel:165 - CPN selected for project level
2026-03-04 21:44:37,928 [INFO] CADModel:114 - Register for checkConnection events
2026-03-04 21:44:37,928 [FATAL] Updater:351 - Updater called before beeing initialized
2026-03-04 21:44:37,928 [ERROR] CADModel:125 - Updater not yet initialized, retry later 
2026-03-04 21:44:37,932 [FATAL] Updater:351 - Updater called before beeing initialized
2026-03-04 21:44:38,205 [FATAL] Updater:351 - Updater called before beeing initialized
2026-03-04 21:44:38,210 [INFO] DbMcusAds:53 - JSON generation date=Wed Feb 18 15:32:49 CET 2026 (1771425169371)
2026-03-04 21:44:38,210 [FATAL] Updater:351 - Updater called before beeing initialized
2026-03-04 21:44:38,284 [WARN] DetailPanel:346 - Failed to get advertising image, set to default
2026-03-04 21:44:38,691 [FATAL] Updater:351 - Updater called before beeing initialized
2026-03-04 21:44:38,694 [FATAL] Updater:351 - Updater called before beeing initialized
2026-03-04 21:44:38,694 [FATAL] Updater:351 - Updater called before beeing initialized
2026-03-04 21:44:38,694 [WARN] DetailPanel:346 - Failed to get advertising image, set to default
2026-03-04 21:44:38,695 [FATAL] Updater:351 - Updater called before beeing initialized
2026-03-04 21:44:38,782 [ERROR] Updater:1198 - MainUpdater not yet initialized. External WinMGr cannot be set.
2026-03-04 21:44:38,785 [INFO] Updater:1134 - Updater Version found : 6.14.1
2026-03-04 21:44:38,810 [INFO] ApplicationProperties:184 - Using Application install path: C:\ST\STM32CubeIDE_1.18.1\STM32CubeIDE\plugins\com.st.stm32cube.common.mx_6.14.1.202504091515
2026-03-04 21:44:39,461 [INFO] ThirdPartyUpdaterWithRetryManager:70 - Updater plugin not ready yet. [2/15]
2026-03-04 21:44:40,389 [ERROR] LogOutputStream:75 - [STDERR_REDIRECT] Mar 04, 2026 9:44:40 PM java.util.prefs.WindowsPreferences <init>
2026-03-04 21:44:40,391 [ERROR] LogOutputStream:75 - [STDERR_REDIRECT] WARNING: Could not open/create prefs root node Software\JavaSoft\Prefs at root 0xffffffff80000002. Windows RegCreateKeyEx(...) returned error code 5.
2026-03-04 21:44:40,391 [ERROR] LogOutputStream:75 - [STDERR_REDIRECT] 
2026-03-04 21:44:40,926 [INFO] MainUpdater:2872 - connection check result : 10
2026-03-04 21:44:40,927 [INFO] MainUpdater:289 - Updater Check For Update Now.
2026-03-04 21:44:40,927 [INFO] MicroXplorer:498 - Change Database Version : DB.6.0.141
2026-03-04 21:44:40,948 [INFO] McuFinderGlobals:63 - Set McuFinder mode to 2 (CubeIDE integrated)
2026-03-04 21:44:40,950 [INFO] UserAuth:484 - Internet connection configuration mode: 1
2026-03-04 21:44:41,005 [INFO] JxBrowserEngine:152 - Initiate JxBrowser Engine with user profile folder
2026-03-04 21:44:41,209 [INFO] CheckServerUpdateThread:120 - End of CheckServer Thread
2026-03-04 21:44:42,054 [INFO] WebApp:169 - Instantiating new browser for Auth
2026-03-04 21:44:42,996 [WARN] PackLoader:240 - Cannot read IP mode file for STMicroelectronics.X-CUBE-AZRTOS-H7.3.5.0
2026-03-04 21:44:43,023 [WARN] PackLoader:240 - Cannot read IP mode file for STMicroelectronics.FP-SNS-MOTENVWB1.1.4.0
2026-03-04 21:44:43,035 [WARN] PackLoader:240 - Cannot read IP mode file for STMicroelectronics.FP-ATR-ASTRA1.2.0.2
2026-03-04 21:44:43,047 [WARN] PackLoader:240 - Cannot read IP mode file for STMicroelectronics.X-CUBE-SMBUS.2.1.0
2026-03-04 21:44:43,056 [WARN] PackLoader:240 - Cannot read IP mode file for STMicroelectronics.X-CUBE-ST60.1.0.0
2026-03-04 21:44:43,143 [WARN] PackLoader:240 - Cannot read IP mode file for STMicroelectronics.X-CUBE-AZRTOS-F7.1.1.0
2026-03-04 21:44:43,158 [ERROR] Engine:466 - C:\Users\Aditya\.stm32cubemx\thirdparties\pdsc\STMicroelectronics.FP-SNS-MOTENV1.5.1.0.pdsc: PDSC version is not supported
2026-03-04 21:44:43,210 [WARN] PackLoader:240 - Cannot read IP mode file for Infineon.AIROC-Wi-Fi-Bluetooth-STM32.1.7.0
2026-03-04 21:44:43,277 [WARN] PackLoader:240 - Cannot read IP mode file for STMicroelectronics.X-CUBE-AZRTOS-H7.3.4.0
2026-03-04 21:44:43,300 [WARN] PackLoader:240 - Cannot read IP mode file for STMicroelectronics.X-CUBE-DISPLAY.3.0.0
2026-03-04 21:44:43,314 [ERROR] Engine:466 - C:\Users\Aditya\.stm32cubemx\thirdparties\pdsc\STMicroelectronics.FP-SNS-MOTENVWB1.1.5.0.pdsc: PDSC version is not supported
2026-03-04 21:44:43,331 [WARN] PackLoader:240 - Cannot read IP mode file for STMicroelectronics.X-CUBE-NFC10.1.0.0
2026-03-04 21:44:43,356 [WARN] PackLoader:240 - Cannot read IP mode file for STMicroelectronics.X-CUBE-BLEMGR.4.0.0
2026-03-04 21:44:43,371 [WARN] PackLoader:240 - Cannot read IP mode file for STMicroelectronics.X-CUBE-ST60.1.1.0
2026-03-04 21:44:43,384 [WARN] PackLoader:240 - Cannot read IP mode file for emotas.I-CUBE-CANOPEN.1.3.0
2026-03-04 21:44:43,393 [WARN] PackLoader:240 - Cannot read IP mode file for STMicroelectronics.X-CUBE-GNSS1.7.1.0
2026-03-04 21:44:43,402 [WARN] ConditionMgr:438 - getConditionDescription Invalid condition id : Cortex-A Device cause : null
2026-03-04 21:44:43,424 [WARN] ConditionMgr:1044 - genDependencies : Invalid condition id : Cortex-A Device cause : null
2026-03-04 21:44:43,424 [WARN] ConditionMgr:1044 - genDependencies : Invalid condition id : Cortex-A Device cause : null
2026-03-04 21:44:43,424 [WARN] ConditionMgr:1044 - genDependencies : Invalid condition id : Cortex-A Device cause : null
2026-03-04 21:44:43,430 [ERROR] Engine:466 - C:\Users\Aditya\.stm32cubemx\thirdparties\pdsc\STMicroelectronics.FP-SNS-STBOX1.2.1.0.pdsc: PDSC version is not supported
2026-03-04 21:44:43,437 [WARN] PackLoader:240 - Cannot read IP mode file for STMicroelectronics.FP-SNS-SMARTAG2.1.2.0
2026-03-04 21:44:43,445 [WARN] PackLoader:240 - Cannot read IP mode file for STMicroelectronics.FP-SNS-FLIGHT1.5.1.0
2026-03-04 21:44:43,460 [INFO] LogOutputStream:77 - [STDOUT_REDIRECT] 1 : Invalid condition id : UX_CORESTACK_Condition cause : null
2026-03-04 21:44:43,461 [INFO] LogOutputStream:77 - [STDOUT_REDIRECT] 1 : Invalid condition id : UX_CORESTACK_Condition cause : null
2026-03-04 21:44:43,464 [INFO] LogOutputStream:77 - [STDOUT_REDIRECT] 1 : Invalid condition id : UX_CORESTACK_Condition cause : null
2026-03-04 21:44:43,467 [INFO] LogOutputStream:77 - [STDOUT_REDIRECT] 1 : Invalid condition id : UX_CORESTACK_Condition cause : null
2026-03-04 21:44:43,469 [INFO] LogOutputStream:77 - [STDOUT_REDIRECT] 1 : Invalid condition id : UX_CORESTACK_Condition cause : null
2026-03-04 21:44:43,476 [WARN] PackLoader:240 - Cannot read IP mode file for STMicroelectronics.X-CUBE-AZRTOS-WL.2.0.0
2026-03-04 21:44:43,507 [WARN] PackLoader:240 - Cannot read IP mode file for STMicroelectronics.FP-SNS-MOTENV1.5.0.0
2026-03-04 21:44:43,549 [WARN] PackLoader:240 - Cannot read IP mode file for STMicroelectronics.X-CUBE-AZRTOS-H7RS.1.2.0
2026-03-04 21:44:43,570 [WARN] PackLoader:240 - Cannot read IP mode file for WES.I-CUBE-Cesium.1.3.0
2026-03-04 21:44:43,579 [WARN] PackLoader:240 - Cannot read IP mode file for STMicroelectronics.X-CUBE-BLE2.3.3.0
2026-03-04 21:44:43,613 [WARN] PackLoader:240 - Cannot read IP mode file for STMicroelectronics.X-CUBE-NFC9.1.0.0
2026-03-04 21:44:43,627 [WARN] PackLoader:240 - Cannot read IP mode file for wolfSSL.I-CUBE-wolfSSL.5.8.0
2026-03-04 21:44:43,636 [WARN] PackLoader:240 - Cannot read IP mode file for STMicroelectronics.X-CUBE-BLE1.7.1.0
2026-03-04 21:44:43,642 [WARN] PackLoader:240 - Cannot read IP mode file for wolfSSL.I-CUBE-wolfMQTT.1.19.2
2026-03-04 21:44:43,646 [ERROR] Engine:466 - C:\Users\Aditya\.stm32cubemx\thirdparties\pdsc\STMicroelectronics.X-CUBE-FREERTOS.1.4.0.pdsc: PDSC version is not supported
2026-03-04 21:44:43,663 [WARN] PackLoader:240 - Cannot read IP mode file for STMicroelectronics.X-CUBE-EEPRMA1.5.2.0
2026-03-04 21:44:43,687 [WARN] PackLoader:240 - Cannot read IP mode file for STMicroelectronics.X-CUBE-AI.10.1.0
2026-03-04 21:44:43,802 [WARN] PackLoader:240 - Cannot read IP mode file for STMicroelectronics.X-CUBE-MEMS1.12.0.0
2026-03-04 21:44:44,005 [WARN] PackLoader:240 - Cannot read IP mode file for STMicroelectronics.X-CUBE-AZRTOS-G0.1.1.0
2026-03-04 21:44:44,019 [WARN] PackLoader:240 - Cannot read IP mode file for STMicroelectronics.X-CUBE-SAFEA1.1.2.2
2026-03-04 21:44:44,028 [WARN] PackLoader:240 - Cannot read IP mode file for STMicroelectronics.X-CUBE-NFC4.3.0.0
2026-03-04 21:44:44,049 [WARN] PackLoader:240 - Cannot read IP mode file for EmbeddedOffice.I-CUBE-FS-RTOS.1.0.1
2026-03-04 21:44:44,060 [WARN] PackLoader:240 - Cannot read IP mode file for STMicroelectronics.X-CUBE-WB05N.2.0.0
2026-03-04 21:44:44,069 [WARN] PackLoader:240 - Cannot read IP mode file for wolfSSL.I-CUBE-wolfTPM.3.8.0
2026-03-04 21:44:44,079 [WARN] PackLoader:240 - Cannot read IP mode file for STMicroelectronics.X-CUBE-TCPP.4.2.0
2026-03-04 21:44:44,091 [WARN] PackLoader:240 - Cannot read IP mode file for RealThread.X-CUBE-RT-Thread_Nano.4.1.1
2026-03-04 21:44:44,099 [WARN] PackLoader:240 - Cannot read IP mode file for STMicroelectronics.FP-ATR-SIGFOX1.3.2.0
2026-03-04 21:44:44,106 [WARN] PackLoader:240 - Cannot read IP mode file for STMicroelectronics.X-CUBE-EEPRMA1.5.1.0
2026-03-04 21:44:44,112 [ERROR] Engine:466 - C:\Users\Aditya\.stm32cubemx\thirdparties\pdsc\STMicroelectronics.X-CUBE-FREERTOS.1.5.0.pdsc: PDSC version is not supported
2026-03-04 21:44:44,233 [WARN] PackLoader:240 - Cannot read IP mode file for ITTIA_DB.I-CUBE-ITTIADB.8.9.0
2026-03-04 21:44:44,249 [WARN] PackLoader:240 - Cannot read IP mode file for STMicroelectronics.X-CUBE-NFC6.3.2.0
2026-03-04 21:44:44,266 [WARN] PackLoader:240 - Cannot read IP mode file for STMicroelectronics.X-CUBE-ST67W61.1.0.0
2026-03-04 21:44:44,326 [WARN] PackLoader:240 - Cannot read IP mode file for STMicroelectronics.X-CUBE-AI.10.2.0
2026-03-04 21:44:44,502 [WARN] PackLoader:240 - Cannot read IP mode file for SEGGER.I-CUBE-embOS.1.3.1
2026-03-04 21:44:44,572 [WARN] PackLoader:240 - Cannot read IP mode file for STMicroelectronics.X-CUBE-ALGOBUILD.1.4.0
2026-03-04 21:44:44,670 [WARN] PackLoader:240 - Cannot read IP mode file for STMicroelectronics.X-CUBE-MEMS1.11.3.0
2026-03-04 21:44:44,970 [WARN] PackLoader:240 - Cannot read IP mode file for STMicroelectronics.X-CUBE-PM33A1.1.0.0
2026-03-04 21:44:45,004 [WARN] PackLoader:240 - Cannot read IP mode file for STMicroelectronics.X-CUBE-AZRTOS-F4.1.1.0
2026-03-04 21:44:45,013 [WARN] PackLoader:240 - Cannot read IP mode file for Avnet-IotConnect.X-CUBE-IoTC-DA16k-PMOD.1.0.0
2026-03-04 21:44:45,019 [WARN] PackLoader:240 - Cannot read IP mode file for STMicroelectronics.X-CUBE-ISPU.2.1.0
2026-03-04 21:44:45,033 [ERROR] Engine:466 - C:\Users\Aditya\.stm32cubemx\thirdparties\pdsc\STMicroelectronics.X-CUBE-IPS.3.2.0.pdsc: PDSC version is not supported
2026-03-04 21:44:45,052 [WARN] PackLoader:240 - Cannot read IP mode file for STMicroelectronics.X-CUBE-NFC12.1.0.0
2026-03-04 21:44:45,081 [WARN] PackLoader:240 - Cannot read IP mode file for STMicroelectronics.X-CUBE-AZRTOS-L5.2.0.0
2026-03-04 21:44:45,095 [WARN] PackLoader:240 - Cannot read IP mode file for STMicroelectronics.X-CUBE-NFC6.3.1.0
2026-03-04 21:44:45,106 [WARN] PackLoader:240 - Cannot read IP mode file for STMicroelectronics.X-CUBE-FREERTOS.1.3.1
2026-03-04 21:44:45,117 [WARN] PackLoader:240 - Cannot read IP mode file for STMicroelectronics.X-CUBE-TOUCHGFX.4.26.0
2026-03-04 21:44:45,123 [WARN] PackLoader:240 - Cannot read IP mode file for STMicroelectronics.X-CUBE-TOUCHGFX.4.26.1
2026-03-04 21:44:45,133 [WARN] PackLoader:240 - Cannot read IP mode file for STMicroelectronics.FP-SNS-STAIOTCFT.1.0.0
2026-03-04 21:44:45,152 [WARN] PackLoader:240 - Cannot read IP mode file for STMicroelectronics.X-CUBE-DPower.1.3.0
2026-03-04 21:44:45,185 [WARN] ConditionMgr:438 - getConditionDescription Invalid condition id : LAN8742 Phy interface Condition cause : null
2026-03-04 21:44:45,186 [WARN] PackLoader:240 - Cannot read IP mode file for STMicroelectronics.X-CUBE-AZRTOS-L4.2.0.0
2026-03-04 21:44:45,189 [WARN] ConditionMgr:1044 - genDependencies : Invalid condition id : LAN8742 Phy interface Condition cause : null
2026-03-04 21:44:45,189 [WARN] ConditionMgr:1044 - genDependencies : Invalid condition id : LAN8742 Phy interface Condition cause : null
2026-03-04 21:44:45,191 [WARN] ConditionMgr:1044 - genDependencies : Invalid condition id : LAN8742 Phy interface Condition cause : null
2026-03-04 21:44:45,206 [WARN] PackLoader:240 - Cannot read IP mode file for STMicroelectronics.X-CUBE-SFXS2LP1.4.0.0
2026-03-04 21:44:45,215 [ERROR] Engine:466 - C:\Users\Aditya\.stm32cubemx\thirdparties\pdsc\STMicroelectronics.X-CUBE-ST67W61.1.2.0.pdsc: PDSC version is not supported
2026-03-04 21:44:45,243 [WARN] PackLoader:240 - Cannot read IP mode file for STMicroelectronics.X-CUBE-AZRTOS-H7.3.3.0
2026-03-04 21:44:45,273 [WARN] PackLoader:240 - Cannot read IP mode file for STMicroelectronics.X-CUBE-BLEMGR.4.1.0
2026-03-04 21:44:45,308 [WARN] ConditionMgr:438 - getConditionDescription Invalid condition id : UX DEVICE CLASS RTOS Condition cause : null
2026-03-04 21:44:45,309 [WARN] ConditionMgr:438 - getConditionDescription Invalid condition id : UX DEVICE CLASS RTOS Condition cause : null
2026-03-04 21:44:45,312 [WARN] PackLoader:240 - Cannot read IP mode file for STMicroelectronics.X-CUBE-AZRTOS-WB.2.0.0
2026-03-04 21:44:45,313 [WARN] ConditionMgr:1044 - genDependencies : Invalid condition id : UX DEVICE CLASS RTOS Condition cause : null
2026-03-04 21:44:45,313 [WARN] ConditionMgr:1044 - genDependencies : Invalid condition id : UX DEVICE CLASS RTOS Condition cause : null
2026-03-04 21:44:45,314 [WARN] ConditionMgr:1044 - genDependencies : Invalid condition id : UX DEVICE CLASS RTOS Condition cause : null
2026-03-04 21:44:45,315 [WARN] ConditionMgr:1044 - genDependencies : Invalid condition id : UX DEVICE CLASS RTOS Condition cause : null
2026-03-04 21:44:45,316 [WARN] ConditionMgr:1044 - genDependencies : Invalid condition id : UX DEVICE CLASS RTOS Condition cause : null
2026-03-04 21:44:45,354 [WARN] PackLoader:240 - Cannot read IP mode file for STMicroelectronics.X-CUBE-GNSS1.7.0.1
2026-03-04 21:44:45,363 [WARN] PackLoader:240 - Cannot read IP mode file for STMicroelectronics.X-CUBE-TOUCHGFX.4.25.0
2026-03-04 21:44:45,376 [WARN] PackLoader:240 - Cannot read IP mode file for STMicroelectronics.FP-SNS-STBOX1.2.0.0
2026-03-04 21:44:45,396 [WARN] PackLoader:240 - Cannot read IP mode file for STMicroelectronics.X-CUBE-STSE01.2.0.0
2026-03-04 21:44:45,493 [WARN] PackLoader:240 - Cannot read IP mode file for STMicroelectronics.X-CUBE-SUBG2.5.0.0
2026-03-04 21:44:45,558 [WARN] PackLoader:240 - Cannot read IP mode file for STMicroelectronics.X-CUBE-AZRTOS-H7RS.1.1.0
2026-03-04 21:44:45,573 [WARN] PackLoader:240 - Cannot read IP mode file for Cesanta.I-CUBE-Mongoose.7.13.0
2026-03-04 21:44:45,593 [WARN] PackLoader:240 - Cannot read IP mode file for STMicroelectronics.X-CUBE-AZRTOS-G4.2.0.0
2026-03-04 21:44:45,627 [WARN] PackLoader:240 - Cannot read IP mode file for wolfSSL.I-CUBE-wolfSSH.1.4.20
2026-03-04 21:44:45,653 [WARN] PackLoader:240 - Cannot read IP mode file for STMicroelectronics.X-CUBE-NFC7.2.0.0
2026-03-04 21:44:45,682 [WARN] PackLoader:240 - Cannot read IP mode file for STMicroelectronics.X-CUBE-IPS.3.1.0
2026-03-04 21:44:45,710 [WARN] PackLoader:240 - Cannot read IP mode file for STMicroelectronics.X-CUBE-ALS.1.0.2
2026-03-04 21:44:45,781 [WARN] PackLoader:240 - Cannot read IP mode file for portGmbH.I-Cube-SoM-uGOAL.1.1.0
2026-03-04 21:44:45,818 [WARN] PackLoader:240 - Cannot read IP mode file for STMicroelectronics.X-CUBE-TOF1.3.4.3
2026-03-04 21:44:45,996 [INFO] ThirdParty:978 - Integrity check success = true
2026-03-04 21:44:45,996 [INFO] IntegrityCheckThread:100 - exiting critical section [integrity check]
2026-03-04 21:44:45,996 [INFO] IntegrityCheckThread:103 - End integrity checks thread
2026-03-04 21:44:46,078 [INFO] WebApp:463 - Apply proxy settings
2026-03-04 21:44:46,079 [INFO] WebApp:548 - Chromium requires no authentication
2026-03-04 21:44:46,142 [INFO] WebApp:491 - Direct internet connection detected
2026-03-04 21:44:46,255 [INFO] WebApp:894 - Register for checkConnection events
2026-03-04 21:44:46,256 [INFO] WebApp:463 - Apply proxy settings
2026-03-04 21:44:46,256 [INFO] WebApp:548 - Chromium requires no authentication
2026-03-04 21:44:46,257 [INFO] WebApp:491 - Direct internet connection detected
2026-03-04 21:44:46,806 [INFO] WebApp:225 - Starting web application
2026-03-04 21:44:46,807 [INFO] WebApp:593 - Web application path used C:\ST\STM32CubeIDE_1.18.1\STM32CubeIDE\plugins\com.st.stm32cube.common.mx_6.14.1.202504091515\db\plugins\mcufinder\reactClient1\index.html
2026-03-04 21:44:46,887 [INFO] WebApp:191 - Connection restablished
2026-03-04 21:44:47,104 [ERROR] LogOutputStream:75 - [STDERR_REDIRECT] 
